/home/l.peiwang/miniconda3/lib/python3.12/argparse.py:2006: FutureWarning: `remote_definition` is deprecated and will be removed in 25.9. Use `conda env create --file=URL` instead.
  action(self, namespace, argument_values, option_string)
Traceback (most recent call last):
  File "<string>", line 1, in <module>
ModuleNotFoundError: No module named 'torch'
Traceback (most recent call last):
  File "<string>", line 1, in <module>
ModuleNotFoundError: No module named 'torchvision'
Traceback (most recent call last):
  File "<string>", line 1, in <module>
ModuleNotFoundError: No module named 'torchio'
Traceback (most recent call last):
  File "/home/l.peiwang/PASTA/train_mri2pet.py", line 4, in <module>
    from src.diffusion.gaussian_diffusion import GaussianDiffusion, ModelMeanType, ModelVarType, LossType
  File "/home/l.peiwang/PASTA/src/diffusion/gaussian_diffusion.py", line 9, in <module>
    import numpy as np
ModuleNotFoundError: No module named 'numpy'
Traceback (most recent call last):
  File "/home/l.peiwang/PASTA/train_mri2pet.py", line 4, in <module>
    from src.diffusion.gaussian_diffusion import GaussianDiffusion, ModelMeanType, ModelVarType, LossType
  File "/home/l.peiwang/PASTA/src/diffusion/gaussian_diffusion.py", line 9, in <module>
    import numpy as np
ModuleNotFoundError: No module named 'numpy'
