/home/l.peiwang/miniconda3/lib/python3.12/argparse.py:2006: FutureWarning: `remote_definition` is deprecated and will be removed in 25.9. Use `conda env create --file=URL` instead.
  action(self, namespace, argument_values, option_string)
2024-12-05 11:35:54.937706: I tensorflow/core/util/port.cc:110] oneDNN custom operations are on. You may see slightly different numerical results due to floating-point round-off errors from different computation orders. To turn them off, set the environment variable `TF_ENABLE_ONEDNN_OPTS=0`.
2024-12-05 11:35:56.732204: I tensorflow/core/platform/cpu_feature_guard.cc:182] This TensorFlow binary is optimized to use available CPU instructions in performance-critical operations.
To enable the following instructions: AVX2 AVX512F AVX512_VNNI FMA, in other operations, rebuild TensorFlow with the appropriate compiler flags.
2024-12-05 11:36:20.391246: W tensorflow/compiler/tf2tensorrt/utils/py_utils.cc:38] TF-TRT Warning: Could not find TensorRT
╭───────────────────── Traceback (most recent call last) ──────────────────────╮
│ /home/l.peiwang/PASTA/train_mri2pet.py:139 in <module>                       │
│                                                                              │
│   136                                                                        │
│   137 if __name__ == "__main__":                                             │
│   138 │   set_seed_everywhere(666)                                           │
│ ❱ 139 │   main()                                                             │
│   140                                                                        │
│                                                                              │
│ /home/l.peiwang/PASTA/train_mri2pet.py:79 in main                            │
│                                                                              │
│    76 │                                                                      │
│    77 │   # spaced diffusion for ddim                                        │
│    78 │   diffusion = SpacedDiffusion(                                       │
│ ❱  79 │   │   use_timesteps = space_timesteps(args.timesteps, args.timestep_ │
│    80 │   │   model = model,                                                 │
│    81 │   │   encoder = encoder,                                             │
│    82 │   │   beta_schedule=args.beta_schedule,                              │
│                                                                              │
│ /home/l.peiwang/PASTA/src/diffusion/respace.py:39 in space_timesteps         │
│                                                                              │
│    36 │   │   │   │   f"cannot create exactly {num_timesteps} steps with an  │
│    37 │   │   │   )                                                          │
│    38 │   │   section_counts = [int(x) for x in section_counts.split(",")]   │
│ ❱  39 │   size_per = num_timesteps // len(section_counts)                    │
│    40 │   extra = num_timesteps % len(section_counts)                        │
│    41 │   start_idx = 0                                                      │
│    42 │   all_steps = []                                                     │
╰──────────────────────────────────────────────────────────────────────────────╯
TypeError: object of type 'int' has no len()
2024-12-05 11:37:15.872478: I tensorflow/core/util/port.cc:110] oneDNN custom operations are on. You may see slightly different numerical results due to floating-point round-off errors from different computation orders. To turn them off, set the environment variable `TF_ENABLE_ONEDNN_OPTS=0`.
2024-12-05 11:37:15.923726: I tensorflow/core/platform/cpu_feature_guard.cc:182] This TensorFlow binary is optimized to use available CPU instructions in performance-critical operations.
To enable the following instructions: AVX2 AVX512F AVX512_VNNI FMA, in other operations, rebuild TensorFlow with the appropriate compiler flags.
2024-12-05 11:37:16.605860: W tensorflow/compiler/tf2tensorrt/utils/py_utils.cc:38] TF-TRT Warning: Could not find TensorRT
╭───────────────────── Traceback (most recent call last) ──────────────────────╮
│ /home/l.peiwang/PASTA/train_mri2pet.py:139 in <module>                       │
│                                                                              │
│   136                                                                        │
│   137 if __name__ == "__main__":                                             │
│   138 │   set_seed_everywhere(666)                                           │
│ ❱ 139 │   main()                                                             │
│   140                                                                        │
│                                                                              │
│ /home/l.peiwang/PASTA/train_mri2pet.py:79 in main                            │
│                                                                              │
│    76 │                                                                      │
│    77 │   # spaced diffusion for ddim                                        │
│    78 │   diffusion = SpacedDiffusion(                                       │
│ ❱  79 │   │   use_timesteps = space_timesteps(args.timesteps, args.timestep_ │
│    80 │   │   model = model,                                                 │
│    81 │   │   encoder = encoder,                                             │
│    82 │   │   beta_schedule=args.beta_schedule,                              │
│                                                                              │
│ /home/l.peiwang/PASTA/src/diffusion/respace.py:39 in space_timesteps         │
│                                                                              │
│    36 │   │   │   │   f"cannot create exactly {num_timesteps} steps with an  │
│    37 │   │   │   )                                                          │
│    38 │   │   section_counts = [int(x) for x in section_counts.split(",")]   │
│ ❱  39 │   size_per = num_timesteps // len(section_counts)                    │
│    40 │   extra = num_timesteps % len(section_counts)                        │
│    41 │   start_idx = 0                                                      │
│    42 │   all_steps = []                                                     │
╰──────────────────────────────────────────────────────────────────────────────╯
TypeError: object of type 'int' has no len()

CondaSystemExit: Exiting.

